Wed Jan 24 2018 08:00:20 GMT+0530 (IST) : GET /
Wed Jan 24 2018 08:12:13 GMT+0530 (IST) : GET /
Wed Jan 24 2018 08:12:21 GMT+0530 (IST) : GET /maintenance.hbs
Wed Jan 24 2018 08:12:45 GMT+0530 (IST) : GET /maintenance.hbs
Wed Jan 24 2018 08:12:53 GMT+0530 (IST) : GET /maintenance.hbs
Wed Jan 24 2018 08:12:58 GMT+0530 (IST) : GET /maintenance
Wed Jan 24 2018 08:17:02 GMT+0530 (IST) : GET /maintenance
Wed Jan 24 2018 08:17:08 GMT+0530 (IST) : GET /
Wed Jan 24 2018 08:18:09 GMT+0530 (IST) : GET /
Wed Jan 24 2018 08:18:49 GMT+0530 (IST) : GET /maintenance
Wed Jan 24 2018 14:58:57 GMT+0530 (IST) : GET /about
Wed Jan 24 2018 14:59:04 GMT+0530 (IST) : GET /help
Wed Jan 24 2018 14:59:08 GMT+0530 (IST) : GET /help
Wed Jan 24 2018 15:00:15 GMT+0530 (IST) : GET /help
Wed Jan 24 2018 15:00:18 GMT+0530 (IST) : GET /help
Wed Jan 24 2018 15:02:56 GMT+0530 (IST) : GET /help
Wed Jan 24 2018 15:02:58 GMT+0530 (IST) : GET /help
Wed Jan 24 2018 15:03:27 GMT+0530 (IST) : GET /help.html
Wed Jan 24 2018 15:04:18 GMT+0530 (IST) : GET /help.html
Wed Jan 24 2018 15:04:48 GMT+0530 (IST) : GET /help.html
Wed Jan 24 2018 15:05:25 GMT+0530 (IST) : GET /about
Wed Jan 24 2018 15:05:27 GMT+0530 (IST) : GET /
Wed Jan 24 2018 15:05:54 GMT+0530 (IST) : GET /
Wed Jan 24 2018 15:05:55 GMT+0530 (IST) : GET /
Wed Jan 24 2018 15:05:57 GMT+0530 (IST) : GET /about
Wed Jan 24 2018 15:06:00 GMT+0530 (IST) : GET /
Wed Jan 24 2018 15:06:06 GMT+0530 (IST) : GET /help
Wed Jan 24 2018 15:06:11 GMT+0530 (IST) : GET /help.html
